
  COUNT(*)                                                                                                                                                                                              
----------                                                                                                                                                                                              
      2802                                                                                                                                                                                              

HSFA@fa30test >quit

  COUNT(*)                                                                                                                                                                                              
----------                                                                                                                                                                                              
      2802                                                                                                                                                                                              

HSFA@fa30test >
HSFA@fa30test >
HSFA@fa30test >
HSFA@fa30test >
HSFA@fa30test >
HSFA@fa30test >
HSFA@fa30test >quit

  COUNT(*)                                                                                                                                                                                              
----------                                                                                                                                                                                              
      2802                                                                                                                                                                                              

HSFA@fa30test >
HSFA@fa30test >
HSFA@fa30test >
HSFA@fa30test >quit

  COUNT(*)                                                                                                                                                                                              
----------                                                                                                                                                                                              
      2802                                                                                                                                                                                              

HSFA@fa30test >
HSFA@fa30test >
HSFA@fa30test >
HSFA@fa30test >quit

  COUNT(*)                                                                                                                                                                                              
----------                                                                                                                                                                                              
      2802                                                                                                                                                                                              


  COUNT(*)                                                                                                                                                                                              
----------                                                                                                                                                                                              
      2802                                                                                                                                                                                              

V3XUSER@zhiyuan_test_oa >exp
SP2-0042: Î´ÖªÃüÁî "exp" - ÆäÓàĞĞºöÂÔ¡£
V3XUSER@zhiyuan_test_oa >quit
