HSFA@fa30test >@test3;

INSERT_DATE      L_FUNDID VC_CODE                        VC_NAME                        MANAGEMENT_COST    L_MONTH     L_YEAR                                                                           
-------------- ---------- ------------------------------ ------------------------------ --------------- ---------- ----------                                                                           
16-3月 -17           5130 0R011D                         精诚信诺23号                           53117.7          1       2016                                                                           
16-3月 -17           5130 0R011D                         精诚信诺23号                          49792.45          2       2016                                                                           
16-3月 -17           5130 0R011D                         精诚信诺23号                          53982.65          3       2016                                                                           
16-3月 -17           5130 0R011D                         精诚信诺23号                          52902.17          4       2016                                                                           
16-3月 -17           5130 0R011D                         精诚信诺23号                          54779.89          5       2016                                                                           
16-3月 -17           5130 0R011D                         精诚信诺23号                          53394.37          6       2016                                                                           
16-3月 -17           5130 0R011D                         精诚信诺23号                          55818.19          7       2016                                                                           
16-3月 -17           5130 0R011D                         精诚信诺23号                          65390.67          8       2016                                                                           
16-3月 -17           5130 0R011D                         精诚信诺23号                          89150.19          9       2016                                                                           
16-3月 -17           5130 0R011D                         精诚信诺23号                          93402.53         10       2016                                                                           
16-3月 -17           5130 0R011D                         精诚信诺23号                          90804.21         11       2016                                                                           

INSERT_DATE      L_FUNDID VC_CODE                        VC_NAME                        MANAGEMENT_COST    L_MONTH     L_YEAR                                                                           
-------------- ---------- ------------------------------ ------------------------------ --------------- ---------- ----------                                                                           
16-3月 -17           5130 0R011D                         精诚信诺23号                          44732.41         12       2016                                                                           
16-3月 -17           6030 0R01DL                         中融资产-新源1号                      49181.12          3       2016                                                                           
16-3月 -17           6030 0R01DL                         中融资产-新源1号                    1035544.56          4       2016                                                                           
16-3月 -17           6030 0R01DL                         中融资产-新源1号                     1244678.3          5       2016                                                                           
16-3月 -17           6030 0R01DL                         中融资产-新源1号                    1209124.56          6       2016                                                                           
16-3月 -17           6030 0R01DL                   HSFA@fa30test >quit
HSFA@fa30test >quit
HSFA@fa30test >quit

INSERT_DA   L_FUNDID VC_CODE         VC_NAME                        MANAGEMENT_COST    L_MONTH     L_YEAR                                                                                               
--------- ---------- --------------- ------------------------------ --------------- ---------- ----------                                                                                               
16-MAR-17       5130 0R011D          ????23?                                53117.7          1       2016                                                                                               
16-MAR-17       5130 0R011D          ????23?                               49792.45          2       2016                                                                                               
16-MAR-17       5130 0R011D          ????23?                               53982.65          3       2016                                                                                               
16-MAR-17       5130 0R011D          ????23?                               52902.17          4       2016                                                                                               
16-MAR-17       5130 0R011D          ????23?                               54779.89          5       2016                                                                                               
16-MAR-17       5130 0R011D          ????23?                               53394.37          6       2016                                                                                               
16-MAR-17       5130 0R011D          ????23?                               55818.19          7       2016                                                                                               
16-MAR-17       5130 0R011D          ????23?                               65390.67          8       2016                                                                                               
16-MAR-17       5130 0R011D          ????23?                               89150.19          9       2016                                                                                               
16-MAR-17       5130 0R011D          ????23?                               93402.53         10       2016                                                                                               
16-MAR-17       5130 0R011D          ????23?                               90804.21         11       2016                                                                                               

INSERT_DA   L_FUNDID VC_CODE         VC_NAME                        MANAGEMENT_COST    L_MONTH     L_YEAR                                                                                               
--------- ---------- --------------- ------------------------------ --------------- ---------- ----------                                                                                               
16-MAR-17       5130 0R011D          ????23?                               44732.41         12       2016                                                                                               
16-MAR-17       6030 0R01DL          ????-??1?                             49181.12          3       2016                                                                                               
16-MAR-17       6030 0R01DL          ????-??1?                           1035544.56          4       2016                                                                                               
16-MAR-17       6030 0R01DL          ????-??1?                            1244678.3          5       2016                                                                                               
16-MAR-17       6030 0R01DL          ????-??1?                           1209124.56          6       2016                                                                                               
16-MAR-17       6030 0R01DL          ????-??1?                           1255539.75          7       2016                                                                                               
16-MAR-17       6030 0R01DL          ????-??1?                           1258735.99          8       2016                                                                                               
16-MAR-17       6030 0R01DL          ????-??1?                           1195282.92          9       2016                                                                                               
16-MAR-17       6030 0R01DL          ????-??1?                            882926.68         10       2016                                                                                               
16-MAR-17       6030 0R01DL          ????-??1?                             853525.6         11       2016                                                                                               
16-MAR-17       6030 0R01DL          ????-??1?                            396493.04         12       2016                                                                                               

22 rows selected.

HSFA@fa30test >ls
SP2-0042: unknown command "ls" - rest of line ignored.
HSFA@fa30test >quit
