
        N1                                                                                          
----------                                                                                          
RTRIM(PADDING)                                                                                      
----------------------------------------------------------------------------------------------------
         1                                                                                          
x                                                                                                   
                                                                                                    
         1                                                                                          
x                                                                                                   
                                                                                                    
         1                                                                                          
x                                                                                                   
                                                                                                    

        N1                                                                                          
----------                                                                                          
RTRIM(PADDING)                                                                                      
----------------------------------------------------------------------------------------------------
         1                                                                                          
x                                                                                                   
                                                                                                    
         1                                                                                          
x                                                                                                   
                                                                                                    
         1                                                                                          
x                                                                                                   
                                                                                                    

        N1                                                                                          
----------                                                                                          
RTRIM(PADDING)                                                                                      
----------------------------------------------------------------------------------------------------
         1                                                                                          
x                                                                                                   
                                                                                                    
         1                                                                                          
x                                                                                                   
                                                                                                    
         1                                                                                          
x                                                                                                   
                                                                                                    

        N1                                                                                          
----------                                                                                          
RTRIM(PADDING)                                                                                      
----------------------------------------------------------------------------------------------------
         1                                                                                          
x                                                                                                   
                                                                                                    
         1                                                                                          
x                                                                                                   
                                                                                                    
         1                                                                                          
x                                                                                                   
                                                                                                    

        N1                                                                                          
----------                                                                                          
RTRIM(PADDING)                                                                                      
----------------------------------------------------------------------------------------------------
         1                                                                                          
x                                                                                                   
                                                                                                    
         1                                                                                          
x                                                                                                   
                                                                                                    
         1                                                                                          
x                                                                                                   
                                                                                                    

        N1                                                                                          
----------                                                                                          
RTRIM(PADDING)                                                                                      
----------------------------------------------------------------------------------------------------
         1                                                                                          
x                                                                                                   
                                                                                                    
         1                                                                                          
x                                                                                                   
                                                                                                    
         1                                                                                          
x                                                                                                   
                                                                                                    

        N1                                                                                          
----------                                                                                          
RTRIM(PADDING)                                                                                      
----------------------------------------------------------------------------------------------------
         1                                                                                          
x                                                                                                   
                                                                                                    
         1                                                                                          
x                                                                                                   
                                                                                                    
         1                                                                                          
x                                                                                                   
                                                                                                    

        N1                                                                                          
----------                                                                                          
RTRIM(PADDING)                                                                                      
----------------------------------------------------------------------------------------------------
         1                                                                                          
x                                                                                                   
                                                                                                    
         1                                                                                          
x                                                                                                   
                                                                                                    
         1                                                                                          
x                                                                                                   
                                                                                                    

        N1                                                                                          
----------                                                                                          
RTRIM(PADDING)                                                                                      
----------------------------------------------------------------------------------------------------
         1                                                                                          
x                                                                                                   
                                                                                                    
         1                                                                                          
x                                                                                                   
                                                                                                    
         1                                                                                          
x                                                                                                   
                                                                                                    

        N1                                                                                          
----------                                                                                          
RTRIM(PADDING)                                                                                      
----------------------------------------------------------------------------------------------------
         1                                                                                          
x                                                                                                   
                                                                                                    
         1                                                                                          
x                                                                                                   
                                                                                                    
         1                                                                                          
x                                                                                                   
                                                                                                    

        N1                                                                                          
----------                                                                                          
RTRIM(PADDING)                                                                                      
----------------------------------------------------------------------------------------------------
         1                                                                                          
x                                                                                                   
                                                                                                    
         1                                                                                          
x                                                                                                   
                                                                                                    
         1                                                                                          
x                                                                                                   
                                                                                                    

        N1                                                                                          
----------                                                                                          
RTRIM(PADDING)                                                                                      
----------------------------------------------------------------------------------------------------
         1                                                                                          
x                                                                                                   
                                                                                                    
         1                                                                                          
x                                                                                                   
                                                                                                    
         1                                                                                          
x                                                                                                   
                                                                                                    

        N1                                                                                          
----------                                                                                          
RTRIM(PADDING)                                                                                      
----------------------------------------------------------------------------------------------------
         1                                                                                          
x                                                                                                   
                                                                                                    
         1                                                                                          
x                                                                                                   
                                                                                                    
         1                                                                                          
x                                                                                                   
                                                                                                    

        N1                                                                                          
----------                                                                                          
RTRIM(PADDING)                                                                                      
----------------------------------------------------------------------------------------------------
         1                                                                                          
x                                                                                                   
                                                                                                    
         1                                                                                          
x                                                                                                   
                                                                                                    
         1                                                                                          
x                                                                                                   
                                                                                                    

        N1                                                                                          
----------                                                                                          
RTRIM(PADDING)                                                                                      
----------------------------------------------------------------------------------------------------
         1                                                                                          
x                                                                                                   
                                                                                                    
         1                                                                                          
x                                                                                                   
                                                                                                    
         1                                                                                          
x                                                                                                   
                                                                                                    

        N1                                                                                          
----------                                                                                          
RTRIM(PADDING)                                                                                      
----------------------------------------------------------------------------------------------------
         1                                                                                          
x                                                                                                   
                                                                                                    
         1                                                                                          
x                                                                                                   
                                                                                                    
         1                                                                                          
x                                                                                                   
                                                                                                    

        N1                                                                                          
----------                                                                                          
RTRIM(PADDING)                                                                                      
----------------------------------------------------------------------------------------------------
         1                                                                                          
x                                                                                                   
                                                                                                    
         1                                                                                          
x                                                                                                   
                                                                                                    
         1                                                                                          
x                                                                                                   
                                                                                                    

        N1                                                                                          
----------                                                                                          
RTRIM(PADDING)                                                                                      
----------------------------------------------------------------------------------------------------
         1                                                                                          
x                                                                                                   
                                                                                                    
         1                                                                                          
x                                                                                                   
                                                                                                    
         1                                                                                          
x                                                                                                   
                                                                                                    

        N1                                                                                          
----------                                                                                          
RTRIM(PADDING)                                                                                      
----------------------------------------------------------------------------------------------------
         1                                                                                          
x                                                                                                   
                                                                                                    
         1                                                                                          
x                                                                                                   
                                                                                                    
         1                                                                                          
x                                                                                                   
                                                                                                    

        N1                                                                                          
----------                                                                                          
RTRIM(PADDING)                                                                                      
----------------------------------------------------------------------------------------------------
         1                                                                                          
x                                                                                                   
                                                                                                    
         1                                                                                          
x                                                                                                   
                                                                                                    
         1                                                                                          
x                                                                                                   
                                                                                                    

        N1                                                                                          
----------                                                                                          
RTRIM(PADDING)                                                                                      
----------------------------------------------------------------------------------------------------
         1                                                                                          
x                                                                                                   
                                                                                                    
         1                                                                                          
x                                                                                                   
                                                                                                    
         1                                                                                          
x                                                                                                   
                                                                                                    

        N1                                                                                          
----------                                                                                          
RTRIM(PADDING)                                                                                      
----------------------------------------------------------------------------------------------------
         1                                                                                          
x                                                                                                   
                                                                                                    
         1                                                                                          
x                                                                                                   
                                                                                                    
         1                                                                                          
x                                                                                                   
                                                                                                    

        N1                                                                                          
----------                                                                                          
RTRIM(PADDING)                                                                                      
----------------------------------------------------------------------------------------------------
         1                                                                                          
x                                                                                                   
                                                                                                    
         1                                                                                          
x                                                                                                   
                                                                                                    
         1                                                                                          
x                                                                                                   
                                                                                                    

        N1                                                                                          
----------                                                                                          
RTRIM(PADDING)                                                                                      
----------------------------------------------------------------------------------------------------
         1                                                                                          
x                                                                                                   
                                                                                                    
         1                                                                                          
x                                                                                                   
                                                                                                    
         1                                                                                          
x                                                                                                   
                                                                                                    

        N1                                                                                          
----------                                                                                          
RTRIM(PADDING)                                                                                      
----------------------------------------------------------------------------------------------------
         1                                                                                          
x                                                                                                   
                                                                                                    
         1                                                                                          
x                                                                                                   
                                                                                                    
         1                                                                                          
x                                                                                                   
                                                                                                    

        N1                                                                                          
----------                                                                                          
RTRIM(PADDING)                                                                                      
----------------------------------------------------------------------------------------------------
         1                                                                                          
x                                                                                                   
                                                                                                    
         1                                                                                          
x                                                                                                   
                                                                                                    
         1                                                                                          
x                                                                                                   
                                                                                                    

        N1                                                                                          
----------                                                                                          
RTRIM(PADDING)                                                                                      
----------------------------------------------------------------------------------------------------
         1                                                                                          
x                                                                                                   
                                                                                                    
         1                                                                                          
x                                                                                                   
                                                                                                    
         1                                                                                          
x                                                                                                   
                                                                                                    

        N1                                                                                          
----------                                                                                          
RTRIM(PADDING)                                                                                      
----------------------------------------------------------------------------------------------------
         1                                                                                          
x                                                                                                   
                                                                                                    
         1                                                                                          
x                                                                                                   
                                                                                                    
         1                                                                                          
x                                                                                                   
                                                                                                    

        N1                                                                                          
----------                                                                                          
RTRIM(PADDING)                                                                                      
----------------------------------------------------------------------------------------------------
         1                                                                                          
x                                                                                                   
                                                                                                    
         1                                                                                          
x                                                                                                   
                                                                                                    
         1                                                                                          
x                                                                                                   
                                                                                                    

        N1                                                                                          
----------                                                                                          
RTRIM(PADDING)                                                                                      
----------------------------------------------------------------------------------------------------
         1                                                                                          
x                                                                                                   
                                                                                                    
         1                                                                                          
x                                                                                                   
                                                                                                    
         1                                                                                          
x                                                                                                   
                                                                                                    

        N1                                                                                          
----------                                                                                          
RTRIM(PADDING)                                                                                      
----------------------------------------------------------------------------------------------------
         1                                                                                          
x                                                                                                   
                                                                                                    
         1                                                                                          
x                                                                                                   
                                                                                                    
         1                                                                                          
x                                                                                                   
                                                                                                    

        N1                                                                                          
----------                                                                                          
RTRIM(PADDING)                                                                                      
----------------------------------------------------------------------------------------------------
         1                                                                                          
x                                                                                                   
                                                                                                    
         1                                                                                          
x                                                                                                   
                                                                                                    
         1                                                                                          
x                                                                                                   
                                                                                                    

        N1                                                                                          
----------                                                                                          
RTRIM(PADDING)                                                                                      
----------------------------------------------------------------------------------------------------
         1                                                                                          
x                                                                                                   
                                                                                                    
         1                                                                                          
x                                                                                                   
                                                                                                    
         1                                                                                          
x                                                                                                   
                                                                                                    

        N1                                                                                          
----------                                                                                          
RTRIM(PADDING)                                                                                      
----------------------------------------------------------------------------------------------------
         1                                                                                          
x                                                                                                   
                                                                                                    
         2                                                                                          
x                                                                                                   
                                                                                                    
         2                                                                                          
x                                                                                                   
                                                                                                    

        N1                                                                                          
----------                                                                                          
RTRIM(PADDING)                                                                                      
----------------------------------------------------------------------------------------------------
         2                                                                                          
x                                                                                                   
                                                                                                    
         2                                                                                          
x                                                                                                   
                                                                                                    
         2                                                                                          
x                                                                                                   
                                                                                                    

        N1                                                                                          
----------                                                                                          
RTRIM(PADDING)                                                                                      
----------------------------------------------------------------------------------------------------
         2                                                                                          
x                                                                                                   
                                                                                                    
         2                                                                                          
x                                                                                                   
                                                                                                    
         2                                                                                          
x                                                                                                   
                                                                                                    

        N1                                                                                          
----------                                                                                          
RTRIM(PADDING)                                                                                      
----------------------------------------------------------------------------------------------------
         2                                                                                          
x                                                                                                   
                                                                                                    
         2                                                                                          
x                                                                                                   
                                                                                                    
         2                                                                                          
x                                                                                                   
                                                                                                    

        N1                                                                                          
----------                                                                                          
RTRIM(PADDING)                                                                                      
----------------------------------------------------------------------------------------------------
         2                                                                                          
x                                                                                                   
                                                                                                    
         2                                                                                          
x                                                                                                   
                                                                                                    
         2                                                                                          
x                                                                                                   
                                                                                                    

        N1                                                                                          
----------                                                                                          
RTRIM(PADDING)                                                                                      
----------------------------------------------------------------------------------------------------
         2                                                                                          
x                                                                                                   
                                                                                                    
         2                                                                                          
x                                                                                                   
                                                                                                    
         2                                                                                          
x                                                                                                   
                                                                                                    

        N1                                                                                          
----------                                                                                          
RTRIM(PADDING)                                                                                      
----------------------------------------------------------------------------------------------------
         2                                                                                          
x                                                                                                   
                                                                                                    
         2                                                                                          
x                                                                                                   
                                                                                                    
         2                                                                                          
x                                                                                                   
                                                                                                    

        N1                                                                                          
----------                                                                                          
RTRIM(PADDING)                                                                                      
----------------------------------------------------------------------------------------------------
         2                                                                                          
x                                                                                                   
                                                                                                    
         2                                                                                          
x                                                                                                   
                                                                                                    
         2                                                                                          
x                                                                                                   
                                                                                                    

        N1                                                                                          
----------                                                                                          
RTRIM(PADDING)                                                                                      
----------------------------------------------------------------------------------------------------
         2                                                                                          
x                                                                                                   
                                                                                                    
         2                                                                                          
x                                                                                                   
                                                                                                    
         2                                                                                          
x                                                                                                   
                                                                                                    

        N1                                                                                          
----------                                                                                          
RTRIM(PADDING)                                                                                      
----------------------------------------------------------------------------------------------------
         2                                                                                          
x                                                                                                   
                                                                                                    
         2                                                                                          
x                                                                                                   
                                                                                                    
         2                                                                                          
x                                                                                                   
                                                                                                    

        N1                                                                                          
----------                                                                                          
RTRIM(PADDING)                                                                                      
----------------------------------------------------------------------------------------------------
         2                                                                                          
x                                                                                                   
                                                                                                    
         2                                                                                          
x                                                                                                   
                                                                                                    
         2                                                                                          
x                                                                                                   
                                                                                                    

        N1                                                                                          
----------                                                                                          
RTRIM(PADDING)                                                                                      
----------------------------------------------------------------------------------------------------
         2                                                                                          
x                                                                                                   
                                                                                                    
         2                                                                                          
x                                                                                                   
                                                                                                    
         2                                                                                          
x                                                                                                   
                                                                                                    

        N1                                                                                          
----------                                                                                          
RTRIM(PADDING)                                                                                      
----------------------------------------------------------------------------------------------------
         2                                                                                          
x                                                                                                   
                                                                                                    
         2                                                                                          
x                                                                                                   
                                                                                                    
         2                                                                                          
x                                                                                                   
                                                                                                    

        N1                                                                                          
----------                                                                                          
RTRIM(PADDING)                                                                                      
----------------------------------------------------------------------------------------------------
         2                                                                                          
x                                                                                                   
                                                                                                    
         2                                                                                          
x                                                                                                   
                                                                                                    
         2                                                                                          
x                                                                                                   
                                                                                                    

        N1                                                                                          
----------                                                                                          
RTRIM(PADDING)                                                                                      
----------------------------------------------------------------------------------------------------
         2                                                                                          
x                                                                                                   
                                                                                                    
         2                                                                                          
x                                                                                                   
                                                                                                    
         2                                                                                          
x                                                                                                   
                                                                                                    

        N1                                                                                          
----------                                                                                          
RTRIM(PADDING)                                                                                      
----------------------------------------------------------------------------------------------------
         2                                                                                          
x                                                                                                   
                                                                                                    
         2                                                                                          
x                                                                                                   
                                                                                                    
         2                                                                                          
x                                                                                                   
                                                                                                    

        N1                                                                                          
----------                                                                                          
RTRIM(PADDING)                                                                                      
----------------------------------------------------------------------------------------------------
         2                                                                                          
x                                                                                                   
                                                                                                    
         2                                                                                          
x                                                                                                   
                                                                                                    
         2                                                                                          
x                                                                                                   
                                                                                                    

        N1                                                                                          
----------                                                                                          
RTRIM(PADDING)                                                                                      
----------------------------------------------------------------------------------------------------
         2                                                                                          
x                                                                                                   
                                                                                                    
         2                                                                                          
x                                                                                                   
                                                                                                    
         2                                                                                          
x                                                                                                   
                                                                                                    

        N1                                                                                          
----------                                                                                          
RTRIM(PADDING)                                                                                      
----------------------------------------------------------------------------------------------------
         2                                                                                          
x                                                                                                   
                                                                                                    
         2                                                                                          
x                                                                                                   
                                                                                                    
         2                                                                                          
x                                                                                                   
                                                                                                    

        N1                                                                                          
----------                                                                                          
RTRIM(PADDING)                                                                                      
----------------------------------------------------------------------------------------------------
         2                                                                                          
x                                                                                                   
                                                                                                    
         2                                                                                          
x                                                                                                   
                                                                                                    
         2                                                                                          
x                                                                                                   
                                                                                                    

        N1                                                                                          
----------                                                                                          
RTRIM(PADDING)                                                                                      
----------------------------------------------------------------------------------------------------
         2                                                                                          
x                                                                                                   
                                                                                                    
         2                                                                                          
x                                                                                                   
                                                                                                    
         2                                                                                          
x                                                                                                   
                                                                                                    

        N1                                                                                          
----------                                                                                          
RTRIM(PADDING)                                                                                      
----------------------------------------------------------------------------------------------------
         2                                                                                          
x                                                                                                   
                                                                                                    
         2                                                                                          
x                                                                                                   
                                                                                                    
         2                                                                                          
x                                                                                                   
                                                                                                    

        N1                                                                                          
----------                                                                                          
RTRIM(PADDING)                                                                                      
----------------------------------------------------------------------------------------------------
         2                                                                                          
x                                                                                                   
                                                                                                    
         2                                                                                          
x                                                                                                   
                                                                                                    
         2                                                                                          
x                                                                                                   
                                                                                                    

        N1                                                                                          
----------                                                                                          
RTRIM(PADDING)                                                                                      
----------------------------------------------------------------------------------------------------
         2                                                                                          
x                                                                                                   
                                                                                                    
         2                                                                                          
x                                                                                                   
                                                                                                    
         2                                                                                          
x                                                                                                   
                                                                                                    

        N1                                                                                          
----------                                                                                          
RTRIM(PADDING)                                                                                      
----------------------------------------------------------------------------------------------------
         2                                                                                          
x                                                                                                   
                                                                                                    
         2                                                                                          
x                                                                                                   
                                                                                                    
         2                                                                                          
x                                                                                                   
                                                                                                    

        N1                                                                                          
----------                                                                                          
RTRIM(PADDING)                                                                                      
----------------------------------------------------------------------------------------------------
         2                                                                                          
x                                                                                                   
                                                                                                    
         2                                                                                          
x                                                                                                   
                                                                                                    
         2                                                                                          
x                                                                                                   
                                                                                                    

        N1                                                                                          
----------                                                                                          
RTRIM(PADDING)                                                                                      
----------------------------------------------------------------------------------------------------
         2                                                                                          
x                                                                                                   
                                                                                                    
         2                                                                                          
x                                                                                                   
                                                                                                    
         2                                                                                          
x                                                                                                   
                                                                                                    

        N1                                                                                          
----------                                                                                          
RTRIM(PADDING)                                                                                      
----------------------------------------------------------------------------------------------------
         2                                                                                          
x                                                                                                   
                                                                                                    
         2                                                                                          
x                                                                                                   
                                                                                                    
         2                                                                                          
x                                                                                                   
                                                                                                    

        N1                                                                                          
----------                                                                                          
RTRIM(PADDING)                                                                                      
----------------------------------------------------------------------------------------------------
         2                                                                                          
x                                                                                                   
                                                                                                    
         2                                                                                          
x                                                                                                   
                                                                                                    
         2                                                                                          
x                                                                                                   
                                                                                                    

        N1                                                                                          
----------                                                                                          
RTRIM(PADDING)                                                                                      
----------------------------------------------------------------------------------------------------
         2                                                                                          
x                                                                                                   
                                                                                                    
         2                                                                                          
x                                                                                                   
                                                                                                    
         2                                                                                          
x                                                                                                   
                                                                                                    

        N1                                                                                          
----------                                                                                          
RTRIM(PADDING)                                                                                      
----------------------------------------------------------------------------------------------------
         2                                                                                          
x                                                                                                   
                                                                                                    
         2                                                                                          
x                                                                                                   
                                                                                                    
         2                                                                                          
x                                                                                                   
                                                                                                    

        N1                                                                                          
----------                                                                                          
RTRIM(PADDING)                                                                                      
----------------------------------------------------------------------------------------------------
         2                                                                                          
x                                                                                                   
                                                                                                    
         2                                                                                          
x                                                                                                   
                                                                                                    
         2                                                                                          
x                                                                                                   
                                                                                                    

        N1                                                                                          
----------                                                                                          
RTRIM(PADDING)                                                                                      
----------------------------------------------------------------------------------------------------
         2                                                                                          
x                                                                                                   
                                                                                                    
         2                                                                                          
x                                                                                                   
                                                                                                    
         2                                                                                          
x                                                                                                   
                                                                                                    

        N1                                                                                          
----------                                                                                          
RTRIM(PADDING)                                                                                      
----------------------------------------------------------------------------------------------------
         2                                                                                          
x                                                                                                   
                                                                                                    
         2                                                                                          
x                                                                                                   
                                                                                                    

200 rows selected.


Execution Plan
----------------------------------------------------------                                          
Plan hash value: 3617692013                                                                         
                                                                                                    
----------------------------------------------------------                                          
| Id  | Operation         | Name | Rows  | Bytes | Cost  |                                          
----------------------------------------------------------                                          
|   0 | SELECT STATEMENT  |      |   200 | 20800 |     5 |                                          
|*  1 |  TABLE ACCESS FULL| T1   |   200 | 20800 |     5 |                                          
----------------------------------------------------------                                          
                                                                                                    
Predicate Information (identified by operation id):                                                 
---------------------------------------------------                                                 
                                                                                                    
   1 - filter("N1"=1 OR "N1"=2)                                                                     
                                                                                                    
Note                                                                                                
-----                                                                                               
   - cpu costing is off (consider enabling it)                                                      


Statistics
----------------------------------------------------------                                          
1  recursive calls                                                                                  
0  db block gets                                                                                    
33  consistent gets                                                                                 
0  physical reads                                                                                   
0  redo size                                                                                        
2545  bytes sent via SQL*Net to client                                                              
506  bytes received via SQL*Net from client                                                         
15  SQL*Net roundtrips to/from client                                                               
0  sorts (memory)                                                                                   
0  sorts (disk)                                                                                     
200  rows processed                                                                                 

